2018/11/20 16:05:29 INFO  [main] - Starting MercariApplication on DESKTOP-2Q5P434 with PID 5276 (started by rks in C:\env\spring workspace\Mercari)
2018/11/20 16:05:29 INFO  [main] - No active profile set, falling back to default profiles: default
2018/11/20 16:05:29 INFO  [main] - Refreshing org.springframework.boot.web.servlet.context.AnnotationConfigServletWebServerApplicationContext@477b4cdf: startup date [Tue Nov 20 16:05:29 JST 2018]; root of context hierarchy
2018/11/20 16:05:30 INFO  [main] - Overriding bean definition for bean 'passwordEncoder' with a different definition: replacing [Root bean: class [null]; scope=; abstract=false; lazyInit=false; autowireMode=3; dependencyCheck=0; autowireCandidate=true; primary=false; factoryBeanName=adminSecurityConfig.AdminUserConfigurerAdapter.AuthenticationConfiguration; factoryMethodName=passwordEncoder; initMethodName=null; destroyMethodName=(inferred); defined in class path resource [com/example/demo/AdminSecurityConfig$AdminUserConfigurerAdapter$AuthenticationConfiguration.class]] with [Root bean: class [null]; scope=; abstract=false; lazyInit=false; autowireMode=3; dependencyCheck=0; autowireCandidate=true; primary=false; factoryBeanName=userSecurityConfig.UserConfigurerAdapter.AuthenticationConfiguration; factoryMethodName=passwordEncoder; initMethodName=null; destroyMethodName=(inferred); defined in class path resource [com/example/demo/UserSecurityConfig$UserConfigurerAdapter$AuthenticationConfiguration.class]]
2018/11/20 16:05:31 INFO  [main] - Tomcat initialized with port(s): 8080 (http)
2018/11/20 16:05:31 INFO  [main] - Starting service [Tomcat]
2018/11/20 16:05:31 INFO  [main] - Starting Servlet Engine: Apache Tomcat/8.5.31
2018/11/20 16:05:31 INFO  [localhost-startStop-1] - The APR based Apache Tomcat Native library which allows optimal performance in production environments was not found on the java.library.path: [C:\Program Files\Java\jre1.8.0_171\bin;C:\WINDOWS\Sun\Java\bin;C:\WINDOWS\system32;C:\WINDOWS;C:/Program Files/Java/jre1.8.0_171/bin/server;C:/Program Files/Java/jre1.8.0_171/bin;C:/Program Files/Java/jre1.8.0_171/lib/amd64;C:\Program Files (x86)\Common Files\Oracle\Java\javapath;C:\ProgramData\Oracle\Java\javapath;C:\WINDOWS\system32;C:\WINDOWS;C:\WINDOWS\System32\Wbem;C:\WINDOWS\System32\WindowsPowerShell\v1.0\;C:\env\app\java\jdk\bin;C:\WINDOWS\System32\OpenSSH\;C:\env\app\gitbash\Git\cmd;C:\Program Files\Microsoft VS Code\bin;C:\env\app\xampp\php;C:\ProgramData\ComposerSetup\bin;C:\Users\rks\AppData\Roaming\Composer\vendor\bin;C:\Users\rks\AppData\Local\Microsoft\WindowsApps;;C:\Program Files\Microsoft VS Code\bin;C:\env\app\Microsoft VS Code\bin;C:\Users\rks\AppData\Roaming\Composer\vendor\bin;C:\env\app\spring\sts-bundle\sts-3.9.3.RELEASE;;.]
2018/11/20 16:05:31 INFO  [localhost-startStop-1] - At least one JAR was scanned for TLDs yet contained no TLDs. Enable debug logging for this logger for a complete list of JARs that were scanned but no TLDs were found in them. Skipping unneeded JARs during scanning can improve startup time and JSP compilation time.
2018/11/20 16:05:31 INFO  [localhost-startStop-1] - Initializing Spring embedded WebApplicationContext
2018/11/20 16:05:31 INFO  [localhost-startStop-1] - Root WebApplicationContext: initialization completed in 2463 ms
2018/11/20 16:05:32 INFO  [localhost-startStop-1] - Mapping filter: 'characterEncodingFilter' to: [/*]
2018/11/20 16:05:32 INFO  [localhost-startStop-1] - Mapping filter: 'hiddenHttpMethodFilter' to: [/*]
2018/11/20 16:05:32 INFO  [localhost-startStop-1] - Mapping filter: 'httpPutFormContentFilter' to: [/*]
2018/11/20 16:05:32 INFO  [localhost-startStop-1] - Mapping filter: 'requestContextFilter' to: [/*]
2018/11/20 16:05:32 INFO  [localhost-startStop-1] - Mapping filter: 'springSecurityFilterChain' to: [/*]
2018/11/20 16:05:32 INFO  [localhost-startStop-1] - Servlet dispatcherServlet mapped to [/]
2018/11/20 16:05:32 INFO  [main] - Creating filter chain: Ant [pattern='/css/**'], []
2018/11/20 16:05:32 INFO  [main] - Creating filter chain: Ant [pattern='/img/**'], []
2018/11/20 16:05:32 INFO  [main] - Creating filter chain: Ant [pattern='/js/**'], []
2018/11/20 16:05:32 INFO  [main] - Creating filter chain: Ant [pattern='/fonts/**'], []
2018/11/20 16:05:32 INFO  [main] - Creating filter chain: Ant [pattern='/css/**'], []
2018/11/20 16:05:32 INFO  [main] - Creating filter chain: Ant [pattern='/img/**'], []
2018/11/20 16:05:32 INFO  [main] - Creating filter chain: Ant [pattern='/js/**'], []
2018/11/20 16:05:32 INFO  [main] - Creating filter chain: Ant [pattern='/fonts/**'], []
2018/11/20 16:05:32 INFO  [main] - Creating filter chain: org.springframework.security.web.util.matcher.AnyRequestMatcher@1, [org.springframework.security.web.context.request.async.WebAsyncManagerIntegrationFilter@250b236d, org.springframework.security.web.context.SecurityContextPersistenceFilter@22d1886d, org.springframework.security.web.header.HeaderWriterFilter@2dbd803f, org.springframework.security.web.authentication.logout.LogoutFilter@8c46918, org.springframework.security.web.authentication.UsernamePasswordAuthenticationFilter@49601f82, org.springframework.security.web.savedrequest.RequestCacheAwareFilter@1cbb3d3b, org.springframework.security.web.servletapi.SecurityContextHolderAwareRequestFilter@1ecfcbc9, org.springframework.security.web.authentication.AnonymousAuthenticationFilter@61f3fbb8, org.springframework.security.web.session.SessionManagementFilter@31ddd4a4, org.springframework.security.web.access.ExceptionTranslationFilter@773c0293, org.springframework.security.web.access.intercept.FilterSecurityInterceptor@28d79cba]
2018/11/20 16:05:32 INFO  [main] - Creating filter chain: org.springframework.security.web.util.matcher.AnyRequestMatcher@1, [org.springframework.security.web.context.request.async.WebAsyncManagerIntegrationFilter@10876a6, org.springframework.security.web.context.SecurityContextPersistenceFilter@40d10481, org.springframework.security.web.header.HeaderWriterFilter@63da207f, org.springframework.security.web.authentication.logout.LogoutFilter@5e9456ae, org.springframework.security.web.authentication.UsernamePasswordAuthenticationFilter@35d3ab60, org.springframework.security.web.savedrequest.RequestCacheAwareFilter@60dd3c23, org.springframework.security.web.servletapi.SecurityContextHolderAwareRequestFilter@52b6319f, org.springframework.security.web.authentication.AnonymousAuthenticationFilter@71870da7, org.springframework.security.web.session.SessionManagementFilter@173373b4, org.springframework.security.web.access.ExceptionTranslationFilter@69c93ca4, org.springframework.security.web.access.intercept.FilterSecurityInterceptor@77bd7fe7]
2018/11/20 16:05:32 INFO  [main] - Mapped URL path [/**/favicon.ico] onto handler of type [class org.springframework.web.servlet.resource.ResourceHttpRequestHandler]
2018/11/20 16:05:33 INFO  [main] - Looking for @ControllerAdvice: org.springframework.boot.web.servlet.context.AnnotationConfigServletWebServerApplicationContext@477b4cdf: startup date [Tue Nov 20 16:05:29 JST 2018]; root of context hierarchy
2018/11/20 16:05:33 INFO  [main] - Mapped "{[/addItem/]}" onto public java.lang.String com.example.demo.web.AddItemController.view(org.springframework.ui.Model)
2018/11/20 16:05:33 INFO  [main] - Mapped "{[/addItem/add]}" onto public java.lang.String com.example.demo.web.AddItemController.addItem(com.example.demo.form.ItemForm,org.springframework.validation.BindingResult,org.springframework.ui.Model,java.lang.Exception)
2018/11/20 16:05:33 INFO  [main] - Mapped "{[/AdminUserLogin/]}" onto public java.lang.String com.example.demo.web.AdminLoginController.view()
2018/11/20 16:05:33 INFO  [main] - Mapped "{[/itemdetail/]}" onto public java.lang.String com.example.demo.web.ItemDetailController.view(org.springframework.ui.Model,java.lang.Integer)
2018/11/20 16:05:33 INFO  [main] - Mapped "{[/editItem/]}" onto public java.lang.String com.example.demo.web.ItemEditController.view(com.example.demo.form.ItemForm,org.springframework.ui.Model,java.lang.Integer)
2018/11/20 16:05:33 INFO  [main] - Mapped "{[/editItem/edit]}" onto public java.lang.String com.example.demo.web.ItemEditController.editItem(com.example.demo.form.ItemForm,org.springframework.validation.BindingResult,java.lang.Integer,org.springframework.ui.Model,java.lang.Exception)
2018/11/20 16:05:33 INFO  [main] - Mapped "{[/main/getItemList]}" onto public com.example.demo.domain.Item[] com.example.demo.web.ItemListController.itemList(java.lang.Integer,java.lang.String,java.lang.String,java.lang.String,java.lang.String,java.lang.String,org.springframework.ui.Model)
2018/11/20 16:05:33 INFO  [main] - Mapped "{[/main/]}" onto public java.lang.String com.example.demo.web.ItemListController.itemList(com.example.demo.service.LoginUserDetails,com.example.demo.service.LoginAdminDetails,org.springframework.ui.Model,javax.servlet.http.HttpSession)
2018/11/20 16:05:33 INFO  [main] - Mapped "{[/main/categoryList]}" onto public void com.example.demo.web.ItemListController.categoryCall(org.springframework.ui.Model)
2018/11/20 16:05:33 INFO  [main] - Mapped "{[/itemListdownload/]}" onto public java.lang.String com.example.demo.web.itemListCsvDownloadController.view()
2018/11/20 16:05:33 INFO  [main] - Mapped "{[/itemListdownload/csvDownload]}" onto public void com.example.demo.web.itemListCsvDownloadController.fileDownloader(java.lang.String)
2018/11/20 16:05:33 INFO  [main] - Mapped "{[/itemListdownload/csvCreate]}" onto public java.lang.String[] com.example.demo.web.itemListCsvDownloadController.csvDownload()
2018/11/20 16:05:33 INFO  [main] - Mapped "{[/itemListdownload/download]}" onto public void com.example.demo.web.itemListCsvDownloadController.itemListCsvDownload(javax.servlet.http.HttpServletResponse)
2018/11/20 16:05:33 INFO  [main] - Mapped "{[/login/]}" onto public void com.example.demo.web.LoginController.login(com.example.demo.service.LoginUserDetails,com.example.demo.service.LoginAdminDetails,org.springframework.ui.Model,javax.servlet.http.HttpSession)
2018/11/20 16:05:33 INFO  [main] - Mapped "{[/register/result]}" onto public java.lang.String com.example.demo.web.RegisterUserController.registerResult(boolean,org.springframework.web.servlet.mvc.support.RedirectAttributes)
2018/11/20 16:05:33 INFO  [main] - Mapped "{[/register/user]}" onto public java.lang.String com.example.demo.web.RegisterUserController.registerUser(com.example.demo.form.RegisterUserForm,org.springframework.validation.BindingResult,org.springframework.web.servlet.mvc.support.RedirectAttributes)
2018/11/20 16:05:33 INFO  [main] - Mapped "{[/register/]}" onto public java.lang.String com.example.demo.web.RegisterUserController.registerUser()
2018/11/20 16:05:33 INFO  [main] - Mapped "{[/userdetail/]}" onto public java.lang.String com.example.demo.web.UserDetailController.view(java.lang.Integer,org.springframework.ui.Model)
2018/11/20 16:05:33 INFO  [main] - Mapped "{[/userEdit/]}" onto public java.lang.String com.example.demo.web.UserEditController.view(java.lang.Integer,org.springframework.ui.Model)
2018/11/20 16:05:33 INFO  [main] - Mapped "{[/userEdit/edit]}" onto public java.lang.String com.example.demo.web.UserEditController.editUser(com.example.demo.form.UserForm,org.springframework.validation.BindingResult,org.springframework.ui.Model,javax.servlet.http.HttpServletRequest,java.lang.Exception)
2018/11/20 16:05:33 INFO  [main] - Mapped "{[/userList/]}" onto public java.lang.String com.example.demo.web.UserListController.view()
2018/11/20 16:05:33 INFO  [main] - Mapped "{[/userList/listShow]}" onto public com.example.demo.domain.User[] com.example.demo.web.UserListController.listShow(java.lang.String,java.lang.String,java.lang.String)
2018/11/20 16:05:33 INFO  [main] - Mapped "{[/userLogin/]}" onto public java.lang.String com.example.demo.web.UserLoginController.view()
2018/11/20 16:05:33 INFO  [main] - Mapped "{[/userUpdate/]}" onto public java.lang.String com.example.demo.web.UserUpdateController.view(java.lang.String,org.springframework.ui.Model)
2018/11/20 16:05:33 INFO  [main] - Mapped "{[/userUpdate/edit]}" onto public java.lang.String com.example.demo.web.UserUpdateController.edit()
2018/11/20 16:05:33 INFO  [main] - Mapped "{[/error]}" onto public org.springframework.http.ResponseEntity<java.util.Map<java.lang.String, java.lang.Object>> org.springframework.boot.autoconfigure.web.servlet.error.BasicErrorController.error(javax.servlet.http.HttpServletRequest)
2018/11/20 16:05:33 INFO  [main] - Mapped "{[/error],produces=[text/html]}" onto public org.springframework.web.servlet.ModelAndView org.springframework.boot.autoconfigure.web.servlet.error.BasicErrorController.errorHtml(javax.servlet.http.HttpServletRequest,javax.servlet.http.HttpServletResponse)
2018/11/20 16:05:33 INFO  [main] - Mapped URL path [/webjars/**] onto handler of type [class org.springframework.web.servlet.resource.ResourceHttpRequestHandler]
2018/11/20 16:05:33 INFO  [main] - Mapped URL path [/**] onto handler of type [class org.springframework.web.servlet.resource.ResourceHttpRequestHandler]
2018/11/20 16:05:33 INFO  [main] - Registering beans for JMX exposure on startup
2018/11/20 16:05:33 INFO  [main] - Bean with name 'dataSource' has been autodetected for JMX exposure
2018/11/20 16:05:34 INFO  [main] - Located MBean 'dataSource': registering with JMX server as MBean [com.zaxxer.hikari:name=dataSource,type=HikariDataSource]
2018/11/20 16:05:34 INFO  [main] - Tomcat started on port(s): 8080 (http) with context path '/Mercari'
2018/11/20 16:05:34 INFO  [main] - Started MercariApplication in 5.779 seconds (JVM running for 6.934)
2018/11/20 16:05:53 INFO  [http-nio-8080-exec-1] - Initializing Spring FrameworkServlet 'dispatcherServlet'
2018/11/20 16:05:53 INFO  [http-nio-8080-exec-1] - FrameworkServlet 'dispatcherServlet': initialization started
2018/11/20 16:05:53 INFO  [http-nio-8080-exec-1] - FrameworkServlet 'dispatcherServlet': initialization completed in 29 ms
2018/11/20 16:05:53 INFO  [http-nio-8080-exec-1] - HikariPool-1 - Starting...
2018/11/20 16:05:54 INFO  [http-nio-8080-exec-1] - HikariPool-1 - Start completed.
2018/11/20 16:06:35 INFO  [http-nio-8080-exec-2] - START - editUserの処理を実行します
2018/11/20 16:06:35 INFO  [http-nio-8080-exec-2] - INPUT - ID ====> 12
2018/11/20 16:06:35 INFO  [http-nio-8080-exec-2] - INPUT - userName ====> 1ちゃん
2018/11/20 16:06:35 INFO  [http-nio-8080-exec-2] - INPUT - authority ====> 0
2018/11/20 16:06:35 INFO  [http-nio-8080-exec-2] - INPUT - mailAddress ====> 1@1
2018/11/20 16:06:35 INFO  [http-nio-8080-exec-2] - INPUT - description ====> N/A！
2018/11/20 16:08:27 INFO  [http-nio-8080-exec-3] - START - editUserの処理を実行します
2018/11/20 16:08:27 INFO  [http-nio-8080-exec-3] - INPUT - ID ====> 12
2018/11/20 16:08:27 INFO  [http-nio-8080-exec-3] - INPUT - userName ====> 1さん
2018/11/20 16:08:27 INFO  [http-nio-8080-exec-3] - INPUT - authority ====> 0
2018/11/20 16:08:27 INFO  [http-nio-8080-exec-3] - INPUT - mailAddress ====> 1@1
2018/11/20 16:08:27 INFO  [http-nio-8080-exec-3] - INPUT - description ====> N/A
2018/11/20 16:08:29 INFO  [http-nio-8080-exec-8] - START - editUserの処理を実行します
2018/11/20 16:08:29 INFO  [http-nio-8080-exec-8] - INPUT - ID ====> 12
2018/11/20 16:08:29 INFO  [http-nio-8080-exec-8] - INPUT - userName ====> 1くん
2018/11/20 16:08:29 INFO  [http-nio-8080-exec-8] - INPUT - authority ====> 1
2018/11/20 16:08:29 INFO  [http-nio-8080-exec-8] - INPUT - mailAddress ====> 1@1
2018/11/20 16:08:29 INFO  [http-nio-8080-exec-8] - INPUT - description ====> N/A
2018/11/20 16:16:44 INFO  [RMI TCP Connection(2)-127.0.0.1] - Application shutdown requested.
2018/11/20 16:16:44 INFO  [RMI TCP Connection(2)-127.0.0.1] - Closing org.springframework.boot.web.servlet.context.AnnotationConfigServletWebServerApplicationContext@477b4cdf: startup date [Tue Nov 20 16:05:29 JST 2018]; root of context hierarchy
2018/11/20 16:16:44 INFO  [RMI TCP Connection(2)-127.0.0.1] - Unregistering JMX-exposed beans on shutdown
2018/11/20 16:16:44 INFO  [RMI TCP Connection(2)-127.0.0.1] - Unregistering JMX-exposed beans
2018/11/20 16:16:44 INFO  [RMI TCP Connection(2)-127.0.0.1] - HikariPool-1 - Shutdown initiated...
2018/11/20 16:16:44 INFO  [RMI TCP Connection(2)-127.0.0.1] - HikariPool-1 - Shutdown completed.
2018/11/20 16:16:49 INFO  [main] - Starting MercariApplication on DESKTOP-2Q5P434 with PID 4636 (started by rks in C:\env\spring workspace\Mercari)
2018/11/20 16:16:49 INFO  [main] - No active profile set, falling back to default profiles: default
2018/11/20 16:16:49 INFO  [main] - Refreshing org.springframework.boot.web.servlet.context.AnnotationConfigServletWebServerApplicationContext@477b4cdf: startup date [Tue Nov 20 16:16:49 JST 2018]; root of context hierarchy
2018/11/20 16:16:50 INFO  [main] - Overriding bean definition for bean 'passwordEncoder' with a different definition: replacing [Root bean: class [null]; scope=; abstract=false; lazyInit=false; autowireMode=3; dependencyCheck=0; autowireCandidate=true; primary=false; factoryBeanName=adminSecurityConfig.AdminUserConfigurerAdapter.AuthenticationConfiguration; factoryMethodName=passwordEncoder; initMethodName=null; destroyMethodName=(inferred); defined in class path resource [com/example/demo/AdminSecurityConfig$AdminUserConfigurerAdapter$AuthenticationConfiguration.class]] with [Root bean: class [null]; scope=; abstract=false; lazyInit=false; autowireMode=3; dependencyCheck=0; autowireCandidate=true; primary=false; factoryBeanName=userSecurityConfig.UserConfigurerAdapter.AuthenticationConfiguration; factoryMethodName=passwordEncoder; initMethodName=null; destroyMethodName=(inferred); defined in class path resource [com/example/demo/UserSecurityConfig$UserConfigurerAdapter$AuthenticationConfiguration.class]]
2018/11/20 16:16:51 INFO  [main] - Tomcat initialized with port(s): 8080 (http)
2018/11/20 16:16:51 INFO  [main] - Starting service [Tomcat]
2018/11/20 16:16:51 INFO  [main] - Starting Servlet Engine: Apache Tomcat/8.5.31
2018/11/20 16:16:51 INFO  [localhost-startStop-1] - The APR based Apache Tomcat Native library which allows optimal performance in production environments was not found on the java.library.path: [C:\Program Files\Java\jre1.8.0_171\bin;C:\WINDOWS\Sun\Java\bin;C:\WINDOWS\system32;C:\WINDOWS;C:/Program Files/Java/jre1.8.0_171/bin/server;C:/Program Files/Java/jre1.8.0_171/bin;C:/Program Files/Java/jre1.8.0_171/lib/amd64;C:\Program Files (x86)\Common Files\Oracle\Java\javapath;C:\ProgramData\Oracle\Java\javapath;C:\WINDOWS\system32;C:\WINDOWS;C:\WINDOWS\System32\Wbem;C:\WINDOWS\System32\WindowsPowerShell\v1.0\;C:\env\app\java\jdk\bin;C:\WINDOWS\System32\OpenSSH\;C:\env\app\gitbash\Git\cmd;C:\Program Files\Microsoft VS Code\bin;C:\env\app\xampp\php;C:\ProgramData\ComposerSetup\bin;C:\Users\rks\AppData\Roaming\Composer\vendor\bin;C:\Users\rks\AppData\Local\Microsoft\WindowsApps;;C:\Program Files\Microsoft VS Code\bin;C:\env\app\Microsoft VS Code\bin;C:\Users\rks\AppData\Roaming\Composer\vendor\bin;C:\env\app\spring\sts-bundle\sts-3.9.3.RELEASE;;.]
2018/11/20 16:16:51 INFO  [localhost-startStop-1] - At least one JAR was scanned for TLDs yet contained no TLDs. Enable debug logging for this logger for a complete list of JARs that were scanned but no TLDs were found in them. Skipping unneeded JARs during scanning can improve startup time and JSP compilation time.
2018/11/20 16:16:51 INFO  [localhost-startStop-1] - Initializing Spring embedded WebApplicationContext
2018/11/20 16:16:51 INFO  [localhost-startStop-1] - Root WebApplicationContext: initialization completed in 2353 ms
2018/11/20 16:16:51 INFO  [localhost-startStop-1] - Mapping filter: 'characterEncodingFilter' to: [/*]
2018/11/20 16:16:51 INFO  [localhost-startStop-1] - Mapping filter: 'hiddenHttpMethodFilter' to: [/*]
2018/11/20 16:16:51 INFO  [localhost-startStop-1] - Mapping filter: 'httpPutFormContentFilter' to: [/*]
2018/11/20 16:16:51 INFO  [localhost-startStop-1] - Mapping filter: 'requestContextFilter' to: [/*]
2018/11/20 16:16:51 INFO  [localhost-startStop-1] - Mapping filter: 'springSecurityFilterChain' to: [/*]
2018/11/20 16:16:51 INFO  [localhost-startStop-1] - Servlet dispatcherServlet mapped to [/]
2018/11/20 16:16:52 INFO  [main] - Creating filter chain: Ant [pattern='/css/**'], []
2018/11/20 16:16:52 INFO  [main] - Creating filter chain: Ant [pattern='/img/**'], []
2018/11/20 16:16:52 INFO  [main] - Creating filter chain: Ant [pattern='/js/**'], []
2018/11/20 16:16:52 INFO  [main] - Creating filter chain: Ant [pattern='/fonts/**'], []
2018/11/20 16:16:52 INFO  [main] - Creating filter chain: Ant [pattern='/css/**'], []
2018/11/20 16:16:52 INFO  [main] - Creating filter chain: Ant [pattern='/img/**'], []
2018/11/20 16:16:52 INFO  [main] - Creating filter chain: Ant [pattern='/js/**'], []
2018/11/20 16:16:52 INFO  [main] - Creating filter chain: Ant [pattern='/fonts/**'], []
2018/11/20 16:16:52 INFO  [main] - Creating filter chain: org.springframework.security.web.util.matcher.AnyRequestMatcher@1, [org.springframework.security.web.context.request.async.WebAsyncManagerIntegrationFilter@1bfe3203, org.springframework.security.web.context.SecurityContextPersistenceFilter@55b8dbda, org.springframework.security.web.header.HeaderWriterFilter@26dcd8c0, org.springframework.security.web.authentication.logout.LogoutFilter@773dab28, org.springframework.security.web.authentication.UsernamePasswordAuthenticationFilter@7435a578, org.springframework.security.web.savedrequest.RequestCacheAwareFilter@3a022576, org.springframework.security.web.servletapi.SecurityContextHolderAwareRequestFilter@319854f0, org.springframework.security.web.authentication.AnonymousAuthenticationFilter@2b214b94, org.springframework.security.web.session.SessionManagementFilter@444548a0, org.springframework.security.web.access.ExceptionTranslationFilter@4d23015c, org.springframework.security.web.access.intercept.FilterSecurityInterceptor@736f3e9e]
2018/11/20 16:16:52 INFO  [main] - Creating filter chain: org.springframework.security.web.util.matcher.AnyRequestMatcher@1, [org.springframework.security.web.context.request.async.WebAsyncManagerIntegrationFilter@16a9a4f1, org.springframework.security.web.context.SecurityContextPersistenceFilter@7551da2a, org.springframework.security.web.header.HeaderWriterFilter@250b236d, org.springframework.security.web.authentication.logout.LogoutFilter@60e5272, org.springframework.security.web.authentication.UsernamePasswordAuthenticationFilter@5e9456ae, org.springframework.security.web.savedrequest.RequestCacheAwareFilter@432034a, org.springframework.security.web.servletapi.SecurityContextHolderAwareRequestFilter@78de58ea, org.springframework.security.web.authentication.AnonymousAuthenticationFilter@1f1cae23, org.springframework.security.web.session.SessionManagementFilter@61f3fbb8, org.springframework.security.web.access.ExceptionTranslationFilter@24fabd0f, org.springframework.security.web.access.intercept.FilterSecurityInterceptor@52b6319f]
2018/11/20 16:16:52 INFO  [main] - Mapped URL path [/**/favicon.ico] onto handler of type [class org.springframework.web.servlet.resource.ResourceHttpRequestHandler]
2018/11/20 16:16:52 INFO  [main] - Looking for @ControllerAdvice: org.springframework.boot.web.servlet.context.AnnotationConfigServletWebServerApplicationContext@477b4cdf: startup date [Tue Nov 20 16:16:49 JST 2018]; root of context hierarchy
2018/11/20 16:16:53 INFO  [main] - Mapped "{[/addItem/]}" onto public java.lang.String com.example.demo.web.AddItemController.view(org.springframework.ui.Model)
2018/11/20 16:16:53 INFO  [main] - Mapped "{[/addItem/add]}" onto public java.lang.String com.example.demo.web.AddItemController.addItem(com.example.demo.form.ItemForm,org.springframework.validation.BindingResult,org.springframework.ui.Model,java.lang.Exception)
2018/11/20 16:16:53 INFO  [main] - Mapped "{[/AdminUserLogin/]}" onto public java.lang.String com.example.demo.web.AdminLoginController.view()
2018/11/20 16:16:53 INFO  [main] - Mapped "{[/itemdetail/]}" onto public java.lang.String com.example.demo.web.ItemDetailController.view(org.springframework.ui.Model,java.lang.Integer)
2018/11/20 16:16:53 INFO  [main] - Mapped "{[/editItem/]}" onto public java.lang.String com.example.demo.web.ItemEditController.view(com.example.demo.form.ItemForm,org.springframework.ui.Model,java.lang.Integer)
2018/11/20 16:16:53 INFO  [main] - Mapped "{[/editItem/edit]}" onto public java.lang.String com.example.demo.web.ItemEditController.editItem(com.example.demo.form.ItemForm,org.springframework.validation.BindingResult,java.lang.Integer,org.springframework.ui.Model,java.lang.Exception)
2018/11/20 16:16:53 INFO  [main] - Mapped "{[/main/getItemList]}" onto public com.example.demo.domain.Item[] com.example.demo.web.ItemListController.itemList(java.lang.Integer,java.lang.String,java.lang.String,java.lang.String,java.lang.String,java.lang.String,org.springframework.ui.Model)
2018/11/20 16:16:53 INFO  [main] - Mapped "{[/main/]}" onto public java.lang.String com.example.demo.web.ItemListController.itemList(com.example.demo.service.LoginUserDetails,com.example.demo.service.LoginAdminDetails,org.springframework.ui.Model,javax.servlet.http.HttpSession)
2018/11/20 16:16:53 INFO  [main] - Mapped "{[/main/categoryList]}" onto public void com.example.demo.web.ItemListController.categoryCall(org.springframework.ui.Model)
2018/11/20 16:16:53 INFO  [main] - Mapped "{[/itemListdownload/]}" onto public java.lang.String com.example.demo.web.itemListCsvDownloadController.view()
2018/11/20 16:16:53 INFO  [main] - Mapped "{[/itemListdownload/csvCreate]}" onto public java.lang.String[] com.example.demo.web.itemListCsvDownloadController.csvDownload()
2018/11/20 16:16:53 INFO  [main] - Mapped "{[/itemListdownload/csvDownload]}" onto public void com.example.demo.web.itemListCsvDownloadController.fileDownloader(java.lang.String)
2018/11/20 16:16:53 INFO  [main] - Mapped "{[/itemListdownload/download]}" onto public void com.example.demo.web.itemListCsvDownloadController.itemListCsvDownload(javax.servlet.http.HttpServletResponse)
2018/11/20 16:16:53 INFO  [main] - Mapped "{[/login/]}" onto public void com.example.demo.web.LoginController.login(com.example.demo.service.LoginUserDetails,com.example.demo.service.LoginAdminDetails,org.springframework.ui.Model,javax.servlet.http.HttpSession)
2018/11/20 16:16:53 INFO  [main] - Mapped "{[/register/result]}" onto public java.lang.String com.example.demo.web.RegisterUserController.registerResult(boolean,org.springframework.web.servlet.mvc.support.RedirectAttributes)
2018/11/20 16:16:53 INFO  [main] - Mapped "{[/register/user]}" onto public java.lang.String com.example.demo.web.RegisterUserController.registerUser(com.example.demo.form.RegisterUserForm,org.springframework.validation.BindingResult,org.springframework.web.servlet.mvc.support.RedirectAttributes)
2018/11/20 16:16:53 INFO  [main] - Mapped "{[/register/]}" onto public java.lang.String com.example.demo.web.RegisterUserController.registerUser()
2018/11/20 16:16:53 INFO  [main] - Mapped "{[/userdetail/]}" onto public java.lang.String com.example.demo.web.UserDetailController.view(java.lang.Integer,org.springframework.ui.Model)
2018/11/20 16:16:53 INFO  [main] - Mapped "{[/userEdit/]}" onto public java.lang.String com.example.demo.web.UserEditController.view(java.lang.Integer,org.springframework.ui.Model)
2018/11/20 16:16:53 INFO  [main] - Mapped "{[/userEdit/edit]}" onto public synchronized java.lang.String com.example.demo.web.UserEditController.editUser(com.example.demo.form.UserForm,org.springframework.validation.BindingResult,org.springframework.ui.Model,javax.servlet.http.HttpServletRequest,java.lang.Exception)
2018/11/20 16:16:53 INFO  [main] - Mapped "{[/userList/]}" onto public java.lang.String com.example.demo.web.UserListController.view()
2018/11/20 16:16:53 INFO  [main] - Mapped "{[/userList/listShow]}" onto public com.example.demo.domain.User[] com.example.demo.web.UserListController.listShow(java.lang.String,java.lang.String,java.lang.String)
2018/11/20 16:16:53 INFO  [main] - Mapped "{[/userLogin/]}" onto public java.lang.String com.example.demo.web.UserLoginController.view()
2018/11/20 16:16:53 INFO  [main] - Mapped "{[/userUpdate/]}" onto public java.lang.String com.example.demo.web.UserUpdateController.view(java.lang.String,org.springframework.ui.Model)
2018/11/20 16:16:53 INFO  [main] - Mapped "{[/userUpdate/edit]}" onto public java.lang.String com.example.demo.web.UserUpdateController.edit()
2018/11/20 16:16:53 INFO  [main] - Mapped "{[/error]}" onto public org.springframework.http.ResponseEntity<java.util.Map<java.lang.String, java.lang.Object>> org.springframework.boot.autoconfigure.web.servlet.error.BasicErrorController.error(javax.servlet.http.HttpServletRequest)
2018/11/20 16:16:53 INFO  [main] - Mapped "{[/error],produces=[text/html]}" onto public org.springframework.web.servlet.ModelAndView org.springframework.boot.autoconfigure.web.servlet.error.BasicErrorController.errorHtml(javax.servlet.http.HttpServletRequest,javax.servlet.http.HttpServletResponse)
2018/11/20 16:16:53 INFO  [main] - Mapped URL path [/webjars/**] onto handler of type [class org.springframework.web.servlet.resource.ResourceHttpRequestHandler]
2018/11/20 16:16:53 INFO  [main] - Mapped URL path [/**] onto handler of type [class org.springframework.web.servlet.resource.ResourceHttpRequestHandler]
2018/11/20 16:16:53 INFO  [main] - Registering beans for JMX exposure on startup
2018/11/20 16:16:53 INFO  [main] - Bean with name 'dataSource' has been autodetected for JMX exposure
2018/11/20 16:16:53 INFO  [main] - Located MBean 'dataSource': registering with JMX server as MBean [com.zaxxer.hikari:name=dataSource,type=HikariDataSource]
2018/11/20 16:16:53 INFO  [main] - Tomcat started on port(s): 8080 (http) with context path '/Mercari'
2018/11/20 16:16:53 INFO  [main] - Started MercariApplication in 4.988 seconds (JVM running for 5.964)
2018/11/20 16:17:05 INFO  [http-nio-8080-exec-1] - Initializing Spring FrameworkServlet 'dispatcherServlet'
2018/11/20 16:17:05 INFO  [http-nio-8080-exec-1] - FrameworkServlet 'dispatcherServlet': initialization started
2018/11/20 16:17:05 INFO  [http-nio-8080-exec-1] - FrameworkServlet 'dispatcherServlet': initialization completed in 19 ms
2018/11/20 16:17:16 INFO  [http-nio-8080-exec-7] - HikariPool-1 - Starting...
2018/11/20 16:17:16 INFO  [http-nio-8080-exec-7] - HikariPool-1 - Start completed.
2018/11/20 16:17:49 INFO  [http-nio-8080-exec-5] - START - editUserの処理を実行します
2018/11/20 16:17:49 INFO  [http-nio-8080-exec-5] - INPUT - ID ====> 12
2018/11/20 16:17:49 INFO  [http-nio-8080-exec-5] - INPUT - userName ====> 1様
2018/11/20 16:17:49 INFO  [http-nio-8080-exec-5] - INPUT - authority ====> 0
2018/11/20 16:17:49 INFO  [http-nio-8080-exec-5] - INPUT - mailAddress ====> 1@1
2018/11/20 16:17:49 INFO  [http-nio-8080-exec-5] - INPUT - description ====> N/A
2018/11/20 16:17:53 INFO  [http-nio-8080-exec-6] - START - editUserの処理を実行します
2018/11/20 16:17:53 INFO  [http-nio-8080-exec-6] - INPUT - ID ====> 12
2018/11/20 16:17:53 INFO  [http-nio-8080-exec-6] - INPUT - userName ====> 1ちゃん
2018/11/20 16:17:53 INFO  [http-nio-8080-exec-6] - INPUT - authority ====> 0
2018/11/20 16:17:53 INFO  [http-nio-8080-exec-6] - INPUT - mailAddress ====> 1@1
2018/11/20 16:17:53 INFO  [http-nio-8080-exec-6] - INPUT - description ====> N/A
2018/11/20 16:18:19 INFO  [RMI TCP Connection(2)-127.0.0.1] - Application shutdown requested.
2018/11/20 16:18:19 INFO  [RMI TCP Connection(2)-127.0.0.1] - Closing org.springframework.boot.web.servlet.context.AnnotationConfigServletWebServerApplicationContext@477b4cdf: startup date [Tue Nov 20 16:16:49 JST 2018]; root of context hierarchy
2018/11/20 16:18:19 INFO  [RMI TCP Connection(2)-127.0.0.1] - Unregistering JMX-exposed beans on shutdown
2018/11/20 16:18:19 INFO  [RMI TCP Connection(2)-127.0.0.1] - Unregistering JMX-exposed beans
2018/11/20 16:18:19 INFO  [RMI TCP Connection(2)-127.0.0.1] - HikariPool-1 - Shutdown initiated...
2018/11/20 16:18:19 INFO  [RMI TCP Connection(2)-127.0.0.1] - HikariPool-1 - Shutdown completed.
2018/11/20 16:18:22 INFO  [main] - Starting MercariApplication on DESKTOP-2Q5P434 with PID 780 (started by rks in C:\env\spring workspace\Mercari)
2018/11/20 16:18:22 INFO  [main] - No active profile set, falling back to default profiles: default
2018/11/20 16:18:23 INFO  [main] - Refreshing org.springframework.boot.web.servlet.context.AnnotationConfigServletWebServerApplicationContext@477b4cdf: startup date [Tue Nov 20 16:18:23 JST 2018]; root of context hierarchy
2018/11/20 16:18:23 INFO  [main] - Overriding bean definition for bean 'passwordEncoder' with a different definition: replacing [Root bean: class [null]; scope=; abstract=false; lazyInit=false; autowireMode=3; dependencyCheck=0; autowireCandidate=true; primary=false; factoryBeanName=adminSecurityConfig.AdminUserConfigurerAdapter.AuthenticationConfiguration; factoryMethodName=passwordEncoder; initMethodName=null; destroyMethodName=(inferred); defined in class path resource [com/example/demo/AdminSecurityConfig$AdminUserConfigurerAdapter$AuthenticationConfiguration.class]] with [Root bean: class [null]; scope=; abstract=false; lazyInit=false; autowireMode=3; dependencyCheck=0; autowireCandidate=true; primary=false; factoryBeanName=userSecurityConfig.UserConfigurerAdapter.AuthenticationConfiguration; factoryMethodName=passwordEncoder; initMethodName=null; destroyMethodName=(inferred); defined in class path resource [com/example/demo/UserSecurityConfig$UserConfigurerAdapter$AuthenticationConfiguration.class]]
2018/11/20 16:18:24 INFO  [main] - Tomcat initialized with port(s): 8080 (http)
2018/11/20 16:18:24 INFO  [main] - Starting service [Tomcat]
2018/11/20 16:18:24 INFO  [main] - Starting Servlet Engine: Apache Tomcat/8.5.31
2018/11/20 16:18:24 INFO  [localhost-startStop-1] - The APR based Apache Tomcat Native library which allows optimal performance in production environments was not found on the java.library.path: [C:\Program Files\Java\jre1.8.0_171\bin;C:\WINDOWS\Sun\Java\bin;C:\WINDOWS\system32;C:\WINDOWS;C:/Program Files/Java/jre1.8.0_171/bin/server;C:/Program Files/Java/jre1.8.0_171/bin;C:/Program Files/Java/jre1.8.0_171/lib/amd64;C:\Program Files (x86)\Common Files\Oracle\Java\javapath;C:\ProgramData\Oracle\Java\javapath;C:\WINDOWS\system32;C:\WINDOWS;C:\WINDOWS\System32\Wbem;C:\WINDOWS\System32\WindowsPowerShell\v1.0\;C:\env\app\java\jdk\bin;C:\WINDOWS\System32\OpenSSH\;C:\env\app\gitbash\Git\cmd;C:\Program Files\Microsoft VS Code\bin;C:\env\app\xampp\php;C:\ProgramData\ComposerSetup\bin;C:\Users\rks\AppData\Roaming\Composer\vendor\bin;C:\Users\rks\AppData\Local\Microsoft\WindowsApps;;C:\Program Files\Microsoft VS Code\bin;C:\env\app\Microsoft VS Code\bin;C:\Users\rks\AppData\Roaming\Composer\vendor\bin;C:\env\app\spring\sts-bundle\sts-3.9.3.RELEASE;;.]
2018/11/20 16:18:24 INFO  [localhost-startStop-1] - At least one JAR was scanned for TLDs yet contained no TLDs. Enable debug logging for this logger for a complete list of JARs that were scanned but no TLDs were found in them. Skipping unneeded JARs during scanning can improve startup time and JSP compilation time.
2018/11/20 16:18:24 INFO  [localhost-startStop-1] - Initializing Spring embedded WebApplicationContext
2018/11/20 16:18:24 INFO  [localhost-startStop-1] - Root WebApplicationContext: initialization completed in 1705 ms
2018/11/20 16:18:24 INFO  [localhost-startStop-1] - Mapping filter: 'characterEncodingFilter' to: [/*]
2018/11/20 16:18:24 INFO  [localhost-startStop-1] - Mapping filter: 'hiddenHttpMethodFilter' to: [/*]
2018/11/20 16:18:24 INFO  [localhost-startStop-1] - Mapping filter: 'httpPutFormContentFilter' to: [/*]
2018/11/20 16:18:24 INFO  [localhost-startStop-1] - Mapping filter: 'requestContextFilter' to: [/*]
2018/11/20 16:18:24 INFO  [localhost-startStop-1] - Mapping filter: 'springSecurityFilterChain' to: [/*]
2018/11/20 16:18:24 INFO  [localhost-startStop-1] - Servlet dispatcherServlet mapped to [/]
2018/11/20 16:18:25 INFO  [main] - Creating filter chain: Ant [pattern='/css/**'], []
2018/11/20 16:18:25 INFO  [main] - Creating filter chain: Ant [pattern='/img/**'], []
2018/11/20 16:18:25 INFO  [main] - Creating filter chain: Ant [pattern='/js/**'], []
2018/11/20 16:18:25 INFO  [main] - Creating filter chain: Ant [pattern='/fonts/**'], []
2018/11/20 16:18:25 INFO  [main] - Creating filter chain: Ant [pattern='/css/**'], []
2018/11/20 16:18:25 INFO  [main] - Creating filter chain: Ant [pattern='/img/**'], []
2018/11/20 16:18:25 INFO  [main] - Creating filter chain: Ant [pattern='/js/**'], []
2018/11/20 16:18:25 INFO  [main] - Creating filter chain: Ant [pattern='/fonts/**'], []
2018/11/20 16:18:25 INFO  [main] - Creating filter chain: org.springframework.security.web.util.matcher.AnyRequestMatcher@1, [org.springframework.security.web.context.request.async.WebAsyncManagerIntegrationFilter@23e44287, org.springframework.security.web.context.SecurityContextPersistenceFilter@3e48e859, org.springframework.security.web.header.HeaderWriterFilter@773c0293, org.springframework.security.web.authentication.logout.LogoutFilter@353efdbf, org.springframework.security.web.authentication.UsernamePasswordAuthenticationFilter@65bb9029, org.springframework.security.web.savedrequest.RequestCacheAwareFilter@1a5f7e7c, org.springframework.security.web.servletapi.SecurityContextHolderAwareRequestFilter@4af46df3, org.springframework.security.web.authentication.AnonymousAuthenticationFilter@2b8d084, org.springframework.security.web.session.SessionManagementFilter@3b569985, org.springframework.security.web.access.ExceptionTranslationFilter@26dcd8c0, org.springframework.security.web.access.intercept.FilterSecurityInterceptor@79ab34c1]
2018/11/20 16:18:25 INFO  [main] - Creating filter chain: org.springframework.security.web.util.matcher.AnyRequestMatcher@1, [org.springframework.security.web.context.request.async.WebAsyncManagerIntegrationFilter@5bcde458, org.springframework.security.web.context.SecurityContextPersistenceFilter@7d755813, org.springframework.security.web.header.HeaderWriterFilter@78de58ea, org.springframework.security.web.authentication.logout.LogoutFilter@173373b4, org.springframework.security.web.authentication.UsernamePasswordAuthenticationFilter@985696, org.springframework.security.web.savedrequest.RequestCacheAwareFilter@69c93ca4, org.springframework.security.web.servletapi.SecurityContextHolderAwareRequestFilter@63da207f, org.springframework.security.web.authentication.AnonymousAuthenticationFilter@215a34b4, org.springframework.security.web.session.SessionManagementFilter@60e5272, org.springframework.security.web.access.ExceptionTranslationFilter@432034a, org.springframework.security.web.access.intercept.FilterSecurityInterceptor@7c455e96]
2018/11/20 16:18:25 INFO  [main] - Mapped URL path [/**/favicon.ico] onto handler of type [class org.springframework.web.servlet.resource.ResourceHttpRequestHandler]
2018/11/20 16:18:25 INFO  [main] - Looking for @ControllerAdvice: org.springframework.boot.web.servlet.context.AnnotationConfigServletWebServerApplicationContext@477b4cdf: startup date [Tue Nov 20 16:18:23 JST 2018]; root of context hierarchy
2018/11/20 16:18:25 INFO  [main] - Mapped "{[/addItem/]}" onto public java.lang.String com.example.demo.web.AddItemController.view(org.springframework.ui.Model)
2018/11/20 16:18:25 INFO  [main] - Mapped "{[/addItem/add]}" onto public java.lang.String com.example.demo.web.AddItemController.addItem(com.example.demo.form.ItemForm,org.springframework.validation.BindingResult,org.springframework.ui.Model,java.lang.Exception)
2018/11/20 16:18:25 INFO  [main] - Mapped "{[/AdminUserLogin/]}" onto public java.lang.String com.example.demo.web.AdminLoginController.view()
2018/11/20 16:18:25 INFO  [main] - Mapped "{[/itemdetail/]}" onto public java.lang.String com.example.demo.web.ItemDetailController.view(org.springframework.ui.Model,java.lang.Integer)
2018/11/20 16:18:25 INFO  [main] - Mapped "{[/editItem/]}" onto public java.lang.String com.example.demo.web.ItemEditController.view(com.example.demo.form.ItemForm,org.springframework.ui.Model,java.lang.Integer)
2018/11/20 16:18:25 INFO  [main] - Mapped "{[/editItem/edit]}" onto public java.lang.String com.example.demo.web.ItemEditController.editItem(com.example.demo.form.ItemForm,org.springframework.validation.BindingResult,java.lang.Integer,org.springframework.ui.Model,java.lang.Exception)
2018/11/20 16:18:25 INFO  [main] - Mapped "{[/main/getItemList]}" onto public com.example.demo.domain.Item[] com.example.demo.web.ItemListController.itemList(java.lang.Integer,java.lang.String,java.lang.String,java.lang.String,java.lang.String,java.lang.String,org.springframework.ui.Model)
2018/11/20 16:18:25 INFO  [main] - Mapped "{[/main/]}" onto public java.lang.String com.example.demo.web.ItemListController.itemList(com.example.demo.service.LoginUserDetails,com.example.demo.service.LoginAdminDetails,org.springframework.ui.Model,javax.servlet.http.HttpSession)
2018/11/20 16:18:25 INFO  [main] - Mapped "{[/main/categoryList]}" onto public void com.example.demo.web.ItemListController.categoryCall(org.springframework.ui.Model)
2018/11/20 16:18:25 INFO  [main] - Mapped "{[/itemListdownload/]}" onto public java.lang.String com.example.demo.web.itemListCsvDownloadController.view()
2018/11/20 16:18:25 INFO  [main] - Mapped "{[/itemListdownload/download]}" onto public void com.example.demo.web.itemListCsvDownloadController.itemListCsvDownload(javax.servlet.http.HttpServletResponse)
2018/11/20 16:18:25 INFO  [main] - Mapped "{[/itemListdownload/csvCreate]}" onto public java.lang.String[] com.example.demo.web.itemListCsvDownloadController.csvDownload()
2018/11/20 16:18:25 INFO  [main] - Mapped "{[/itemListdownload/csvDownload]}" onto public void com.example.demo.web.itemListCsvDownloadController.fileDownloader(java.lang.String)
2018/11/20 16:18:25 INFO  [main] - Mapped "{[/login/]}" onto public void com.example.demo.web.LoginController.login(com.example.demo.service.LoginUserDetails,com.example.demo.service.LoginAdminDetails,org.springframework.ui.Model,javax.servlet.http.HttpSession)
2018/11/20 16:18:25 INFO  [main] - Mapped "{[/register/result]}" onto public java.lang.String com.example.demo.web.RegisterUserController.registerResult(boolean,org.springframework.web.servlet.mvc.support.RedirectAttributes)
2018/11/20 16:18:25 INFO  [main] - Mapped "{[/register/user]}" onto public java.lang.String com.example.demo.web.RegisterUserController.registerUser(com.example.demo.form.RegisterUserForm,org.springframework.validation.BindingResult,org.springframework.web.servlet.mvc.support.RedirectAttributes)
2018/11/20 16:18:25 INFO  [main] - Mapped "{[/register/]}" onto public java.lang.String com.example.demo.web.RegisterUserController.registerUser()
2018/11/20 16:18:25 INFO  [main] - Mapped "{[/userdetail/]}" onto public java.lang.String com.example.demo.web.UserDetailController.view(java.lang.Integer,org.springframework.ui.Model)
2018/11/20 16:18:25 INFO  [main] - Mapped "{[/userEdit/]}" onto public java.lang.String com.example.demo.web.UserEditController.view(java.lang.Integer,org.springframework.ui.Model)
2018/11/20 16:18:25 INFO  [main] - Mapped "{[/userEdit/edit]}" onto public synchronized java.lang.String com.example.demo.web.UserEditController.editUser(com.example.demo.form.UserForm,org.springframework.validation.BindingResult,org.springframework.ui.Model,javax.servlet.http.HttpServletRequest,java.lang.Exception)
2018/11/20 16:18:25 INFO  [main] - Mapped "{[/userList/]}" onto public java.lang.String com.example.demo.web.UserListController.view()
2018/11/20 16:18:25 INFO  [main] - Mapped "{[/userList/listShow]}" onto public com.example.demo.domain.User[] com.example.demo.web.UserListController.listShow(java.lang.String,java.lang.String,java.lang.String)
2018/11/20 16:18:25 INFO  [main] - Mapped "{[/userLogin/]}" onto public java.lang.String com.example.demo.web.UserLoginController.view()
2018/11/20 16:18:25 INFO  [main] - Mapped "{[/userUpdate/]}" onto public java.lang.String com.example.demo.web.UserUpdateController.view(java.lang.String,org.springframework.ui.Model)
2018/11/20 16:18:25 INFO  [main] - Mapped "{[/userUpdate/edit]}" onto public java.lang.String com.example.demo.web.UserUpdateController.edit()
2018/11/20 16:18:25 INFO  [main] - Mapped "{[/error]}" onto public org.springframework.http.ResponseEntity<java.util.Map<java.lang.String, java.lang.Object>> org.springframework.boot.autoconfigure.web.servlet.error.BasicErrorController.error(javax.servlet.http.HttpServletRequest)
2018/11/20 16:18:25 INFO  [main] - Mapped "{[/error],produces=[text/html]}" onto public org.springframework.web.servlet.ModelAndView org.springframework.boot.autoconfigure.web.servlet.error.BasicErrorController.errorHtml(javax.servlet.http.HttpServletRequest,javax.servlet.http.HttpServletResponse)
2018/11/20 16:18:25 INFO  [main] - Mapped URL path [/webjars/**] onto handler of type [class org.springframework.web.servlet.resource.ResourceHttpRequestHandler]
2018/11/20 16:18:25 INFO  [main] - Mapped URL path [/**] onto handler of type [class org.springframework.web.servlet.resource.ResourceHttpRequestHandler]
2018/11/20 16:18:26 INFO  [main] - Registering beans for JMX exposure on startup
2018/11/20 16:18:26 INFO  [main] - Bean with name 'dataSource' has been autodetected for JMX exposure
2018/11/20 16:18:26 INFO  [main] - Located MBean 'dataSource': registering with JMX server as MBean [com.zaxxer.hikari:name=dataSource,type=HikariDataSource]
2018/11/20 16:18:26 INFO  [main] - Tomcat started on port(s): 8080 (http) with context path '/Mercari'
2018/11/20 16:18:26 INFO  [main] - Started MercariApplication in 4.072 seconds (JVM running for 4.919)
2018/11/20 16:18:34 INFO  [http-nio-8080-exec-1] - Initializing Spring FrameworkServlet 'dispatcherServlet'
2018/11/20 16:18:34 INFO  [http-nio-8080-exec-1] - FrameworkServlet 'dispatcherServlet': initialization started
2018/11/20 16:18:34 INFO  [http-nio-8080-exec-1] - FrameworkServlet 'dispatcherServlet': initialization completed in 18 ms
2018/11/20 16:18:34 INFO  [http-nio-8080-exec-1] - HikariPool-1 - Starting...
2018/11/20 16:18:34 INFO  [http-nio-8080-exec-1] - HikariPool-1 - Start completed.
2018/11/20 16:19:14 INFO  [http-nio-8080-exec-1] - START - editUserの処理を実行します
2018/11/20 16:19:14 INFO  [http-nio-8080-exec-1] - INPUT - ID ====> 12
2018/11/20 16:19:14 INFO  [http-nio-8080-exec-1] - INPUT - userName ====> 1
2018/11/20 16:19:14 INFO  [http-nio-8080-exec-1] - INPUT - authority ====> 0
2018/11/20 16:19:14 INFO  [http-nio-8080-exec-1] - INPUT - mailAddress ====> 1@1
2018/11/20 16:19:14 INFO  [http-nio-8080-exec-1] - INPUT - description ====> N/A
2018/11/20 16:19:17 INFO  [http-nio-8080-exec-4] - START - editUserの処理を実行します
2018/11/20 16:19:17 INFO  [http-nio-8080-exec-4] - INPUT - ID ====> 12
2018/11/20 16:19:17 INFO  [http-nio-8080-exec-4] - INPUT - userName ====> 1殿
2018/11/20 16:19:17 INFO  [http-nio-8080-exec-4] - INPUT - authority ====> 0
2018/11/20 16:19:17 INFO  [http-nio-8080-exec-4] - INPUT - mailAddress ====> 1@1
2018/11/20 16:19:17 INFO  [http-nio-8080-exec-4] - INPUT - description ====> N/A
2018/11/20 18:03:18 INFO  [RMI TCP Connection(2)-127.0.0.1] - Application shutdown requested.
2018/11/20 18:03:18 INFO  [RMI TCP Connection(2)-127.0.0.1] - Closing org.springframework.boot.web.servlet.context.AnnotationConfigServletWebServerApplicationContext@477b4cdf: startup date [Tue Nov 20 16:18:23 JST 2018]; root of context hierarchy
2018/11/20 18:03:18 INFO  [RMI TCP Connection(2)-127.0.0.1] - Unregistering JMX-exposed beans on shutdown
2018/11/20 18:03:18 INFO  [RMI TCP Connection(2)-127.0.0.1] - Unregistering JMX-exposed beans
2018/11/20 18:03:18 INFO  [RMI TCP Connection(2)-127.0.0.1] - HikariPool-1 - Shutdown initiated...
2018/11/20 18:03:18 INFO  [RMI TCP Connection(2)-127.0.0.1] - HikariPool-1 - Shutdown completed.
